<?xml version="1.0" encoding="utf-8"?><testsuites name="pytest tests"><testsuite name="pytest" errors="0" failures="0" skipped="0" tests="4" time="1.878" timestamp="2026-07-12T06:34:28.223346+00:00" hostname="agent-env-52b9a2d9-4237-4b40-9bbc-7e6384070fe1"><testcase classname="tests.test_iteration3.TestAuditDateValidation" name="test_end_before_start_returns_400" time="0.732" /><testcase classname="tests.test_iteration3.TestIdempotentClose" name="test_close_twice_returns_shape" time="0.863" /><testcase classname="tests.test_iteration3.TestAuditDateValidation" name="test_end_equal_start_ok" time="0.046" /><testcase classname="tests.test_iteration3.TestUploadsSmoke" name="test_upload_and_download" time="0.637" /></testsuite></testsuites>