<?xml version="1.0" encoding="utf-8"?><testsuites name="pytest tests"><testsuite name="pytest" errors="0" failures="0" skipped="0" tests="44" time="92.844" timestamp="2026-07-12T08:12:14.078454+00:00" hostname="agent-env-52b9a2d9-4237-4b40-9bbc-7e6384070fe1"><testcase classname="tests.backend_test" name="test_health" time="0.156" /><testcase classname="tests.backend_test.TestAuth" name="test_register_me_logout" time="1.236" /><testcase classname="tests.backend_test.TestAuth" name="test_login_admin" time="1.356" /><testcase classname="tests.backend_test.TestAuth" name="test_login_wrong_password" time="1.071" /><testcase classname="tests.backend_test.TestAuth" name="test_forgot_password_no_leak" time="0.911" /><testcase classname="tests.backend_test.TestAuth" name="test_brute_force_lockout" time="6.525" /><testcase classname="tests.backend_test.TestAuth" name="test_google_session_invalid" time="0.212" /><testcase classname="tests.backend_test.TestOrg" name="test_department_crud_admin_only" time="4.547" /><testcase classname="tests.backend_test.TestOrg" name="test_category_and_promote" time="4.342" /><testcase classname="tests.backend_test.TestAssets" name="test_create_dup_and_filters" time="4.393" /><testcase classname="tests.backend_test.TestAllocationTransfer" name="test_double_alloc_and_return" time="7.383" /><testcase classname="tests.backend_test.TestAllocationTransfer" name="test_transfer_flow" time="8.332" /><testcase classname="tests.backend_test.TestBooking" name="test_booking_overlap_and_cancel" time="3.760" /><testcase classname="tests.backend_test.TestBooking" name="test_booking_non_bookable" time="1.035" /><testcase classname="tests.backend_test.TestMaintenance" name="test_maintenance_lifecycle" time="7.121" /><testcase classname="tests.backend_test.TestDashboard" name="test_stats_keys" time="2.210" /><testcase classname="tests.backend_test.TestDashboard" name="test_activity" time="0.520" /><testcase classname="tests.backend_test.TestDashboard" name="test_notifications" time="1.052" /><testcase classname="tests.backend_test.TestRBAC" name="test_employee_forbidden_endpoints" time="0.913" /><testcase classname="tests.test_iteration4.TestAuthRegression" name="test_login_admin" time="1.392" /><testcase classname="tests.test_iteration4.TestAuthRegression" name="test_me_no_cookie_401" time="0.094" /><testcase classname="tests.test_iteration4.TestAuthRegression" name="test_query_param_auth_rejected" time="0.093" /><testcase classname="tests.test_iteration4.TestDashboardAssets" name="test_dashboard_stats" time="2.189" /><testcase classname="tests.test_iteration4.TestDashboardAssets" name="test_assets_list" time="0.518" /><testcase classname="tests.test_iteration4.TestAudit" name="test_list_cycles" time="0.518" /><testcase classname="tests.test_iteration4.TestAudit" name="test_create_and_close_cycle" time="2.572" /><testcase classname="tests.test_iteration4.TestDepartments" name="test_create_dept_admin" time="0.761" /><testcase classname="tests.test_iteration4.TestDepartments" name="test_create_dept_employee_forbidden" time="1.432" /><testcase classname="tests.test_iteration4.TestBruteForce" name="test_lockout_after_5" time="4.452" /><testcase classname="tests.test_iteration4.TestSignedUrls" name="test_sign_returns_token" time="1.380" /><testcase classname="tests.test_iteration4.TestSignedUrls" name="test_signed_url_no_cookie_ok" time="1.070" /><testcase classname="tests.test_iteration4.TestSignedUrls" name="test_download_no_cookie_no_token_401" time="0.092" /><testcase classname="tests.test_iteration4.TestSignedUrls" name="test_invalid_token_401" time="0.095" /><testcase classname="tests.test_iteration4.TestSignedUrls" name="test_tampered_token_401" time="0.675" /><testcase classname="tests.test_iteration4.TestSignedUrls" name="test_query_auth_jwt_rejected_for_download" time="0.094" /><testcase classname="tests.test_iteration5.TestHealth" name="test_health" time="0.102" /><testcase classname="tests.test_iteration5.TestHealth" name="test_dashboard_stats_shape" time="3.230" /><testcase classname="tests.test_iteration5.TestUpload" name="test_upload_and_sign" time="1.829" /><testcase classname="tests.test_iteration5.TestUpload" name="test_unauth_401" time="0.130" /><testcase classname="tests.test_iteration5.TestAllocation" name="test_allocate_and_return" time="6.589" /><testcase classname="tests.test_iteration5.TestBookingOverlap" name="test_booking_overlap_409" time="2.278" /><testcase classname="tests.test_iteration5.TestMaintenance" name="test_create_and_move" time="2.541" /><testcase classname="tests.test_iteration5.TestRBAC" name="test_employee_cannot_create_dept" time="0.282" /><testcase classname="tests.test_iteration5.TestRBAC" name="test_employee_cannot_move_maintenance" time="1.283" /></testsuite></testsuites>