<?xml version="1.0" encoding="utf-8"?><testsuites name="pytest tests"><testsuite name="pytest" errors="0" failures="0" skipped="0" tests="9" time="3.662" timestamp="2026-07-12T06:30:44.783597+00:00" hostname="agent-env-52b9a2d9-4237-4b40-9bbc-7e6384070fe1"><testcase classname="tests.test_iteration2.TestUploads" name="test_upload_requires_auth" time="0.475" /><testcase classname="tests.test_iteration2.TestAudit" name="test_employee_cannot_create_cycle" time="0.518" /><testcase classname="tests.test_iteration2.TestUploads" name="test_upload_and_download_png" time="1.169" /><testcase classname="tests.test_iteration2.TestAudit" name="test_full_audit_workflow" time="1.615" /><testcase classname="tests.test_iteration2.TestUploads" name="test_upload_rejects_text" time="0.138" /><testcase classname="tests.test_iteration2.TestUploads" name="test_download_via_query_auth" time="0.754" /><testcase classname="tests.test_iteration2.TestOverdue" name="test_employee_cannot_trigger" time="0.065" /><testcase classname="tests.test_iteration2.TestOverdue" name="test_admin_trigger_and_dedupe" time="0.974" /><testcase classname="tests.test_iteration2.TestGoogleGuard" name="test_fake_session_id" time="0.461" /></testsuite></testsuites>