<?xml version="1.0" encoding="utf-8"?><testsuites name="pytest tests"><testsuite name="pytest" errors="0" failures="0" skipped="0" tests="9" time="2.205" timestamp="2026-07-12T07:10:25.086694+00:00" hostname="agent-env-52b9a2d9-4237-4b40-9bbc-7e6384070fe1"><testcase classname="tests.test_iteration5.TestHealth" name="test_health" time="0.127" /><testcase classname="tests.test_iteration5.TestHealth" name="test_dashboard_stats_shape" time="0.362" /><testcase classname="tests.test_iteration5.TestUpload" name="test_upload_and_sign" time="0.595" /><testcase classname="tests.test_iteration5.TestUpload" name="test_unauth_401" time="0.095" /><testcase classname="tests.test_iteration5.TestAllocation" name="test_allocate_and_return" time="0.624" /><testcase classname="tests.test_iteration5.TestBookingOverlap" name="test_booking_overlap_409" time="0.088" /><testcase classname="tests.test_iteration5.TestMaintenance" name="test_create_and_move" time="0.128" /><testcase classname="tests.test_iteration5.TestRBAC" name="test_employee_cannot_create_dept" time="0.045" /><testcase classname="tests.test_iteration5.TestRBAC" name="test_employee_cannot_move_maintenance" time="0.092" /></testsuite></testsuites>