<?xml version="1.0" encoding="utf-8"?><testsuites name="pytest tests"><testsuite name="pytest" errors="0" failures="0" skipped="0" tests="16" time="3.495" timestamp="2026-07-12T06:47:03.146702+00:00" hostname="agent-env-52b9a2d9-4237-4b40-9bbc-7e6384070fe1"><testcase classname="tests.test_iteration4.TestAuthRegression" name="test_login_admin" time="0.556" /><testcase classname="tests.test_iteration4.TestAuthRegression" name="test_me_no_cookie_401" time="0.167" /><testcase classname="tests.test_iteration4.TestAuthRegression" name="test_query_param_auth_rejected" time="0.108" /><testcase classname="tests.test_iteration4.TestDashboardAssets" name="test_dashboard_stats" time="0.061" /><testcase classname="tests.test_iteration4.TestDashboardAssets" name="test_assets_list" time="0.062" /><testcase classname="tests.test_iteration4.TestAudit" name="test_list_cycles" time="0.053" /><testcase classname="tests.test_iteration4.TestAudit" name="test_create_and_close_cycle" time="0.087" /><testcase classname="tests.test_iteration4.TestDepartments" name="test_create_dept_admin" time="0.044" /><testcase classname="tests.test_iteration4.TestDepartments" name="test_create_dept_employee_forbidden" time="0.406" /><testcase classname="tests.test_iteration4.TestBruteForce" name="test_lockout_after_5" time="0.622" /><testcase classname="tests.test_iteration4.TestSignedUrls" name="test_sign_returns_token" time="0.526" /><testcase classname="tests.test_iteration4.TestSignedUrls" name="test_signed_url_no_cookie_ok" time="0.293" /><testcase classname="tests.test_iteration4.TestSignedUrls" name="test_download_no_cookie_no_token_401" time="0.091" /><testcase classname="tests.test_iteration4.TestSignedUrls" name="test_invalid_token_401" time="0.104" /><testcase classname="tests.test_iteration4.TestSignedUrls" name="test_tampered_token_401" time="0.143" /><testcase classname="tests.test_iteration4.TestSignedUrls" name="test_query_auth_jwt_rejected_for_download" time="0.097" /></testsuite></testsuites>