<?xml version="1.0" encoding="utf-8"?><testsuites name="pytest tests"><testsuite name="pytest" errors="0" failures="1" skipped="0" tests="19" time="6.207" timestamp="2026-07-12T05:59:39.041416+00:00" hostname="agent-env-52b9a2d9-4237-4b40-9bbc-7e6384070fe1"><testcase classname="tests.backend_test.TestAuth" name="test_register_me_logout" time="0.808" /><testcase classname="tests.backend_test.TestDashboard" name="test_stats_keys" time="0.759" /><testcase classname="tests.backend_test.TestDashboard" name="test_activity" time="0.047" /><testcase classname="tests.backend_test.TestDashboard" name="test_notifications" time="0.093" /><testcase classname="tests.backend_test.TestAuth" name="test_login_admin" time="0.558" /><testcase classname="tests.backend_test.TestOrg" name="test_department_crud_admin_only" time="0.888" /><testcase classname="tests.backend_test.TestAuth" name="test_login_wrong_password" time="0.424" /><testcase classname="tests.backend_test.TestOrg" name="test_category_and_promote" time="0.813" /><testcase classname="tests.backend_test.TestAuth" name="test_forgot_password_no_leak" time="0.184" /><testcase classname="tests.backend_test.TestAuth" name="test_brute_force_lockout" time="2.703"><failure message="AssertionError: expected 429 lockout, got sequence [401, 401, 401, 401, 401, 401]&#10;assert 429 in [401, 401, 401, 401, 401, 401]">backend/tests/backend_test.py:103: in test_brute_force_lockout
    assert 429 in codes, f"expected 429 lockout, got sequence {codes}"
E   AssertionError: expected 429 lockout, got sequence [401, 401, 401, 401, 401, 401]
E   assert 429 in [401, 401, 401, 401, 401, 401]</failure></testcase><testcase classname="tests.backend_test.TestAllocationTransfer" name="test_double_alloc_and_return" time="0.710" /><testcase classname="tests.backend_test.TestAllocationTransfer" name="test_transfer_flow" time="0.747" /><testcase classname="tests.backend_test" name="test_health" time="0.256" /><testcase classname="tests.backend_test.TestAssets" name="test_create_dup_and_filters" time="0.574" /><testcase classname="tests.backend_test.TestAuth" name="test_google_session_invalid" time="0.262" /><testcase classname="tests.backend_test.TestMaintenance" name="test_maintenance_lifecycle" time="0.535" /><testcase classname="tests.backend_test.TestBooking" name="test_booking_overlap_and_cancel" time="0.617" /><testcase classname="tests.backend_test.TestRBAC" name="test_employee_forbidden_endpoints" time="0.171" /><testcase classname="tests.backend_test.TestBooking" name="test_booking_non_bookable" time="0.084" /></testsuite></testsuites>